Arguments: 
  /Users/enmanueljarquin/.nvm/versions/node/v14.19.2/bin/node /Users/enmanueljarquin/.nvm/versions/node/v14.19.2/bin/yarn init --ues

PATH: 
  /Users/enmanueljarquin/.nvm/versions/node/v14.19.2/bin:/opt/homebrew/bin:/Users/enmanueljarquin/.nvm/versions/node/v14.19.2/bin:/opt/homebrew/bin:/usr/local/bin:/usr/bin:/bin:/usr/sbin:/sbin:/Users/enmanueljarquin/.nvm/versions/node/v14.19.2/bin:/opt/homebrew/bin:/Users/enmanueljarquin/.config/nvim/autoload/plugged/vim-floaterm/bin/

Yarn version: 
  1.22.18

Node version: 
  14.19.2

Platform: 
  darwin x64

Trace: 
  Error: canceled
      at Interface.<anonymous> (/Users/enmanueljarquin/.nvm/versions/node/v14.19.2/lib/node_modules/yarn/lib/cli.js:137143:13)
      at Interface.emit (events.js:400:28)
      at Interface._ttyWrite (readline.js:1001:16)
      at ReadStream.onkeypress (readline.js:265:10)
      at ReadStream.emit (events.js:400:28)
      at emitKeys (internal/readline/utils.js:358:14)
      at emitKeys.next (<anonymous>)
      at ReadStream.onData (readline.js:1270:36)
      at ReadStream.emit (events.js:400:28)
      at addChunk (internal/streams/readable.js:293:12)

npm manifest: 
  No manifest

yarn manifest: 
  No manifest

Lockfile: 
  No lockfile
